---------------------------------------------------------------------------------------------------------------------
      name:  <unnamed>
       log:  /Users/gustaf/Documents/GitHub/EFI301-Assignments/Assignment 2/LOGFILEASSIGNMENT2.log
  log type:  text
 opened on:   1 Feb 2023, 09:46:20

. 
end of do-file

. do "/var/folders/gg/lz0sj7wn0c34cssljqqc9qpw0000gn/T//SD07053.000000"

.                 gen lpassen =log(passen)

. 
end of do-file

. do "/var/folders/gg/lz0sj7wn0c34cssljqqc9qpw0000gn/T//SD07053.000000"

.                 gen lfare =log(fare)

. 
end of do-file

. do "/var/folders/gg/lz0sj7wn0c34cssljqqc9qpw0000gn/T//SD07053.000000"

. gen ldist = log(dist)

. 
end of do-file

. do "/var/folders/gg/lz0sj7wn0c34cssljqqc9qpw0000gn/T//SD07053.000000"

.         merge 1:1 route using airconc00.dta

    Result                      Number of obs
    -----------------------------------------
    Not matched                             0
    Matched                             1,149  (_merge==3)
    -----------------------------------------

. 
end of do-file

. do "/var/folders/gg/lz0sj7wn0c34cssljqqc9qpw0000gn/T//SD07053.000000"

. ivregress 2sls lpassen ldist (lfare = bmktshr), robust

Instrumental variables 2SLS regression            Number of obs   =      1,149
                                                  Wald chi2(2)    =      14.19
                                                  Prob > chi2     =     0.0008
                                                  R-squared       =          .
                                                  Root MSE        =     1.2754

------------------------------------------------------------------------------
             |               Robust
     lpassen | Coefficient  std. err.      z    P>|z|     [95% conf. interval]
-------------+----------------------------------------------------------------
       lfare |  -3.307795   .9266881    -3.57   0.000    -5.124071    -1.49152
       ldist |   1.135688   .3442868     3.30   0.001     .4608979    1.810477
       _cons |   15.49878   2.539809     6.10   0.000     10.52085    20.47672
------------------------------------------------------------------------------
Instrumented: lfare
 Instruments: ldist bmktshr

. 
end of do-file

. do "/var/folders/gg/lz0sj7wn0c34cssljqqc9qpw0000gn/T//SD07053.000000"

. regress lpassen lfare ldist

      Source |       SS           df       MS      Number of obs   =     1,149
-------------+----------------------------------   F(2, 1146)      =     33.30
       Model |  52.9826221         2   26.491311   Prob > F        =    0.0000
    Residual |  911.632009     1,146  .795490409   R-squared       =    0.0549
-------------+----------------------------------   Adj R-squared   =    0.0533
       Total |  964.614631     1,148  .840256647   Root MSE        =     .8919

------------------------------------------------------------------------------
     lpassen | Coefficient  Std. err.      t    P>|t|     [95% conf. interval]
-------------+----------------------------------------------------------------
       lfare |  -.6128103   .0776797    -7.89   0.000    -.7652208   -.4603999
       ldist |   .1424345   .0491188     2.90   0.004     .0460617    .2388073
       _cons |   8.263681   .3400264    24.30   0.000     7.596537    8.930825
------------------------------------------------------------------------------

. 
end of do-file

. help predict 

. do "/var/folders/gg/lz0sj7wn0c34cssljqqc9qpw0000gn/T//SD07053.000000"

. regress lfare bmktshr 

      Source |       SS           df       MS      Number of obs   =     1,149
-------------+----------------------------------   F(1, 1147)      =     60.07
       Model |  9.93655147         1  9.93655147   Prob > F        =    0.0000
    Residual |  189.725098     1,147   .16540985   R-squared       =    0.0498
-------------+----------------------------------   Adj R-squared   =    0.0489
       Total |   199.66165     1,148  .173921298   Root MSE        =    .40671

------------------------------------------------------------------------------
       lfare | Coefficient  Std. err.      t    P>|t|     [95% conf. interval]
-------------+----------------------------------------------------------------
     bmktshr |  -.4722088   .0609252    -7.75   0.000    -.5917461   -.3526715
       _cons |   5.436751   .0385649   140.98   0.000     5.361085    5.512416
------------------------------------------------------------------------------

. 
end of do-file

. do "/var/folders/gg/lz0sj7wn0c34cssljqqc9qpw0000gn/T//SD07053.000000"

. predict lfare_hat, xb

. 
end of do-file

. do "/var/folders/gg/lz0sj7wn0c34cssljqqc9qpw0000gn/T//SD07053.000000"

. regress lpassen lfare_hat ldist 

      Source |       SS           df       MS      Number of obs   =     1,149
-------------+----------------------------------   F(2, 1146)      =     15.82
       Model |   25.909243         2  12.9546215   Prob > F        =    0.0000
    Residual |  938.705388     1,146  .819114649   R-squared       =    0.0269
-------------+----------------------------------   Adj R-squared   =    0.0252
       Total |  964.614631     1,148  .840256647   Root MSE        =    .90505

------------------------------------------------------------------------------
     lpassen | Coefficient  Std. err.      t    P>|t|     [95% conf. interval]
-------------+----------------------------------------------------------------
   lfare_hat |   1.772124   .3386188     5.23   0.000     1.107741    2.436506
       ldist |  -.2159496   .0477663    -4.52   0.000    -.3096688   -.1222304
       _cons |  -1.625216   1.598616    -1.02   0.310    -4.761758    1.511327
------------------------------------------------------------------------------

. 
end of do-file

