. do "/var/folders/gg/lz0sj7wn0c34cssljqqc9qpw0000gn/T//SD64760.000000"

. twoway line lemp_foot date, saving(emp, replace) 
variable lemp_foot not found
r(111);

end of do-file

r(111);

. do "/var/folders/gg/lz0sj7wn0c34cssljqqc9qpw0000gn/T//SD64760.000000"

. twoway line lminwage date, saving(minwage, replace)
variable lminwage not found
r(111);

end of do-file

r(111);

. do "/var/folders/gg/lz0sj7wn0c34cssljqqc9qpw0000gn/T//SD64760.000000"

. gr combine emp.gph minwage.gph, col(1) iscale(1)

. 
end of do-file

. do "/var/folders/gg/lz0sj7wn0c34cssljqqc9qpw0000gn/T//SD64760.000000"

. tsset date
variable date not found
r(111);

end of do-file

r(111);

. do "/var/folders/gg/lz0sj7wn0c34cssljqqc9qpw0000gn/T//SD64760.000000"

. clear 

. 
end of do-file

. do "/var/folders/gg/lz0sj7wn0c34cssljqqc9qpw0000gn/T//SD64760.000000"

. use ts_minwage.dta

. 
end of do-file

. do "/var/folders/gg/lz0sj7wn0c34cssljqqc9qpw0000gn/T//SD64760.000000"

. gen date = ym(year, month)

. 
end of do-file

. do "/var/folders/gg/lz0sj7wn0c34cssljqqc9qpw0000gn/T//SD64760.000000"

. label variable date "date in year-month format"

. 
end of do-file

. do "/var/folders/gg/lz0sj7wn0c34cssljqqc9qpw0000gn/T//SD64760.000000"

. format date %tm

. 
end of do-file

. do "/var/folders/gg/lz0sj7wn0c34cssljqqc9qpw0000gn/T//SD64760.000000"

. gen lminwage = log(minwage)

. 
end of do-file

. do "/var/folders/gg/lz0sj7wn0c34cssljqqc9qpw0000gn/T//SD64760.000000"

. gen lemp_foot = log(emp_foot) 

. 
end of do-file

. do "/var/folders/gg/lz0sj7wn0c34cssljqqc9qpw0000gn/T//SD64760.000000"

. twoway line lemp_foot date, saving(emp, replace) 
file emp.gph saved

. 
end of do-file

. do "/var/folders/gg/lz0sj7wn0c34cssljqqc9qpw0000gn/T//SD64760.000000"

. twoway line lminwage date, saving(minwage, replace)
file minwage.gph saved

. 
end of do-file

. do "/var/folders/gg/lz0sj7wn0c34cssljqqc9qpw0000gn/T//SD64760.000000"

. gr combine emp.gph minwage.gph, col(1) iscale(1)

. 
end of do-file

. do "/var/folders/gg/lz0sj7wn0c34cssljqqc9qpw0000gn/T//SD64760.000000"

. tsset date

Time variable: date, 1947m1 to 1997m12
        Delta: 1 month

. 
end of do-file

. do "/var/folders/gg/lz0sj7wn0c34cssljqqc9qpw0000gn/T//SD64760.000000"

. correlate lemp_foot l.lminwage 
(obs=611)

             |                 L.
             | lemp_f~t lminwage
-------------+------------------
   lemp_foot |   1.0000
    lminwage |
         L1. |  -0.8653   1.0000


. 
end of do-file

. do "/var/folders/gg/lz0sj7wn0c34cssljqqc9qpw0000gn/T//SD64760.000000"

. twoway line D.lemp_foot
too few variables specified
r(102);

end of do-file

r(102);

. do "/var/folders/gg/lz0sj7wn0c34cssljqqc9qpw0000gn/T//SD64760.000000"

. twoway line D.lemp_foot, date 
too few variables specified
r(102);

end of do-file

r(102);

. do "/var/folders/gg/lz0sj7wn0c34cssljqqc9qpw0000gn/T//SD64760.000000"

. twoway line D.lemp_foot, time 
too few variables specified
r(102);

end of do-file

r(102);

. do "/var/folders/gg/lz0sj7wn0c34cssljqqc9qpw0000gn/T//SD64760.000000"

. twoway tsline D.lemp_foot

. 
end of do-file

. do "/var/folders/gg/lz0sj7wn0c34cssljqqc9qpw0000gn/T//SD64760.000000"

. tab month , gen(m)

      Month |      Freq.     Percent        Cum.
------------+-----------------------------------
          1 |         51        8.33        8.33
          2 |         51        8.33       16.67
          3 |         51        8.33       25.00
          4 |         51        8.33       33.33
          5 |         51        8.33       41.67
          6 |         51        8.33       50.00
          7 |         51        8.33       58.33
          8 |         51        8.33       66.67
          9 |         51        8.33       75.00
         10 |         51        8.33       83.33
         11 |         51        8.33       91.67
         12 |         51        8.33      100.00
------------+-----------------------------------
      Total |        612      100.00

. 
end of do-file

. do "/var/folders/gg/lz0sj7wn0c34cssljqqc9qpw0000gn/T//SD64760.000000"

. reg D.lemp_foot m2-m12

      Source |       SS           df       MS      Number of obs   =       611
-------------+----------------------------------   F(11, 599)      =     45.95
       Model |  .193157754        11  .017559796   Prob > F        =    0.0000
    Residual |   .22888547       599  .000382113   R-squared       =    0.4577
-------------+----------------------------------   Adj R-squared   =    0.4477
       Total |  .422043224       610  .000691874   Root MSE        =    .01955

------------------------------------------------------------------------------
 D.lemp_foot | Coefficient  Std. err.      t    P>|t|     [95% conf. interval]
-------------+----------------------------------------------------------------
          m2 |   .0035262   .0038903     0.91   0.365    -.0041141    .0111666
          m3 |  -.0028399   .0038903    -0.73   0.466    -.0104802    .0048004
          m4 |  -.0084923   .0038903    -2.18   0.029    -.0161326    -.000852
          m5 |    .000743   .0038903     0.19   0.849    -.0068973    .0083834
          m6 |   .0186133   .0038903     4.78   0.000      .010973    .0262537
          m7 |  -.0363281   .0038903    -9.34   0.000    -.0439685   -.0286878
          m8 |   .0408807   .0038903    10.51   0.000     .0332404    .0485211
          m9 |  -.0161733   .0038903    -4.16   0.000    -.0238136   -.0085329
         m10 |  -.0086967   .0038903    -2.24   0.026     -.016337   -.0010564
         m11 |   .0018615   .0038903     0.48   0.632    -.0057789    .0095018
         m12 |   .0040985   .0038903     1.05   0.293    -.0035418    .0117388
       _cons |  -.0028529   .0027645    -1.03   0.302    -.0082821    .0025763
------------------------------------------------------------------------------

. 
end of do-file

. do "/var/folders/gg/lz0sj7wn0c34cssljqqc9qpw0000gn/T//SD64760.000000"

. predict d_lemp_foot_adj , residuals
(1 missing value generated)

. 
end of do-file

. do "/var/folders/gg/lz0sj7wn0c34cssljqqc9qpw0000gn/T//SD64760.000000"

. regress d_lemp_foot_adj d.l.minwage, robust

Linear regression                               Number of obs     =        610
                                                F(1, 608)         =       0.43
                                                Prob > F          =     0.5114
                                                R-squared         =     0.0001
                                                Root MSE          =      .0194

------------------------------------------------------------------------------
             |               Robust
d_lemp_foo~j | Coefficient  std. err.      t    P>|t|     [95% conf. interval]
-------------+----------------------------------------------------------------
     minwage |
         LD. |   -.004317   .0065708    -0.66   0.511    -.0172212    .0085872
             |
       _cons |   .0000174   .0008016     0.02   0.983    -.0015569    .0015916
------------------------------------------------------------------------------

. 
end of do-file

. do "/var/folders/gg/lz0sj7wn0c34cssljqqc9qpw0000gn/T//SD64760.000000"

. regress d_lemp_foot_adj d.l.lminwage, robust

Linear regression                               Number of obs     =        610
                                                F(1, 608)         =       0.22
                                                Prob > F          =     0.6380
                                                R-squared         =     0.0001
                                                Root MSE          =      .0194

------------------------------------------------------------------------------
             |               Robust
d_lemp_foo~j | Coefficient  std. err.      t    P>|t|     [95% conf. interval]
-------------+----------------------------------------------------------------
    lminwage |
         LD. |  -.0062394   .0132559    -0.47   0.638    -.0322723    .0197934
             |
       _cons |   9.90e-06   .0007962     0.01   0.990    -.0015538    .0015736
------------------------------------------------------------------------------

. 
end of do-file

. do "/var/folders/gg/lz0sj7wn0c34cssljqqc9qpw0000gn/T//SD64760.000000"

. newey d_lemp_foot_adj D.L.lminwage , lag(12)

Regression with Newey–West standard errors      Number of obs     =        610
Maximum lag = 12                                F(  1,       608) =       0.23
                                                Prob > F          =     0.6297

------------------------------------------------------------------------------
             |             Newey–West
d_lemp_foo~j | Coefficient  std. err.      t    P>|t|     [95% conf. interval]
-------------+----------------------------------------------------------------
    lminwage |
         LD. |  -.0062394   .0129344    -0.48   0.630    -.0316409    .0191621
             |
       _cons |   9.90e-06   .0006682     0.01   0.988    -.0013023    .0013221
------------------------------------------------------------------------------

. 
end of do-file

. do "/var/folders/gg/lz0sj7wn0c34cssljqqc9qpw0000gn/T//SD64760.000000"

. clear 

. 
end of do-file

. do "/var/folders/gg/lz0sj7wn0c34cssljqqc9qpw0000gn/T//SD64760.000000"

. use fatality long allyears.dta
invalid 'long' 
r(198);

end of do-file

r(198);

. do "/var/folders/gg/lz0sj7wn0c34cssljqqc9qpw0000gn/T//SD64760.000000"

. xtset state year
no variables defined
r(111);

end of do-file

r(111);

. do "/var/folders/gg/lz0sj7wn0c34cssljqqc9qpw0000gn/T//SD64760.000000"

. xtreg fr tax , fe
variable fr not found
r(111);

end of do-file

r(111);

. do "/var/folders/gg/lz0sj7wn0c34cssljqqc9qpw0000gn/T//SD64760.000000"

. use fatality long allyears.dta
invalid 'long' 
r(198);

end of do-file

r(198);

. do "/var/folders/gg/lz0sj7wn0c34cssljqqc9qpw0000gn/T//SD64760.000000"

. xtset state year
no variables defined
r(111);

end of do-file

r(111);

. do "/var/folders/gg/lz0sj7wn0c34cssljqqc9qpw0000gn/T//SD64760.000000"

. use fatality_long_allyears.dta

. 
end of do-file

. do "/var/folders/gg/lz0sj7wn0c34cssljqqc9qpw0000gn/T//SD64760.000000"

. xtset state year

Panel variable: state (strongly balanced)
 Time variable: year, 1982 to 1988
         Delta: 1 unit

. 
end of do-file

. do "/var/folders/gg/lz0sj7wn0c34cssljqqc9qpw0000gn/T//SD64760.000000"

. xtreg fr tax , fe

Fixed-effects (within) regression               Number of obs     =        336
Group variable: state                           Number of groups  =         48

R-squared:                                      Obs per group:
     Within  = 0.0407                                         min =          7
     Between = 0.1101                                         avg =        7.0
     Overall = 0.0934                                         max =          7

                                                F(1,287)          =      12.19
corr(u_i, Xb) = -0.6885                         Prob > F          =     0.0006

------------------------------------------------------------------------------
          fr | Coefficient  Std. err.      t    P>|t|     [95% conf. interval]
-------------+----------------------------------------------------------------
         tax |  -.6558737     .18785    -3.49   0.001    -1.025612   -.2861353
       _cons |   2.377075   .0969699    24.51   0.000     2.186213    2.567937
-------------+----------------------------------------------------------------
     sigma_u |  .71471463
     sigma_e |  .18985942
         rho |  .93408484   (fraction of variance due to u_i)
------------------------------------------------------------------------------
F test that all u_i=0: F(47, 287) = 52.18                    Prob > F = 0.0000

. 
end of do-file

. help xtreg

. do "/var/folders/gg/lz0sj7wn0c34cssljqqc9qpw0000gn/T//SD64760.000000"

. regress fr tax, fe vce(cluster state)
option fe not allowed
r(198);

end of do-file

r(198);

. do "/var/folders/gg/lz0sj7wn0c34cssljqqc9qpw0000gn/T//SD64760.000000"

. xtreg fr tax, fe vce(cluster state)

Fixed-effects (within) regression               Number of obs     =        336
Group variable: state                           Number of groups  =         48

R-squared:                                      Obs per group:
     Within  = 0.0407                                         min =          7
     Between = 0.1101                                         avg =        7.0
     Overall = 0.0934                                         max =          7

                                                F(1,47)           =       5.05
corr(u_i, Xb) = -0.6885                         Prob > F          =     0.0294

                                 (Std. err. adjusted for 48 clusters in state)
------------------------------------------------------------------------------
             |               Robust
          fr | Coefficient  std. err.      t    P>|t|     [95% conf. interval]
-------------+----------------------------------------------------------------
         tax |  -.6558737   .2918557    -2.25   0.029    -1.243012   -.0687359
       _cons |   2.377075   .1497967    15.87   0.000     2.075723    2.678427
-------------+----------------------------------------------------------------
     sigma_u |  .71471463
     sigma_e |  .18985942
         rho |  .93408484   (fraction of variance due to u_i)
------------------------------------------------------------------------------

. 
end of do-file

. clear

. do "/var/folders/gg/lz0sj7wn0c34cssljqqc9qpw0000gn/T//SD64760.000000"

. tab year, generate(dummy_y)
no variables defined
r(111);

end of do-file

r(111);

. do "/var/folders/gg/lz0sj7wn0c34cssljqqc9qpw0000gn/T//SD64760.000000"

. xtreg fr tax dummy_y2 -dummy_y7 , fe vce(cluster state)
variable fr not found
r(111);

end of do-file

r(111);

. do "/var/folders/gg/lz0sj7wn0c34cssljqqc9qpw0000gn/T//SD64760.000000"

. clear 

. 
end of do-file

. do "/var/folders/gg/lz0sj7wn0c34cssljqqc9qpw0000gn/T//SD64760.000000"

. use fatality_long_allyears.dta

. 
end of do-file

. do "/var/folders/gg/lz0sj7wn0c34cssljqqc9qpw0000gn/T//SD64760.000000"

. xtset state year

Panel variable: state (strongly balanced)
 Time variable: year, 1982 to 1988
         Delta: 1 unit

. 
end of do-file

. do "/var/folders/gg/lz0sj7wn0c34cssljqqc9qpw0000gn/T//SD64760.000000"

. xtreg fr tax , fe

Fixed-effects (within) regression               Number of obs     =        336
Group variable: state                           Number of groups  =         48

R-squared:                                      Obs per group:
     Within  = 0.0407                                         min =          7
     Between = 0.1101                                         avg =        7.0
     Overall = 0.0934                                         max =          7

                                                F(1,287)          =      12.19
corr(u_i, Xb) = -0.6885                         Prob > F          =     0.0006

------------------------------------------------------------------------------
          fr | Coefficient  Std. err.      t    P>|t|     [95% conf. interval]
-------------+----------------------------------------------------------------
         tax |  -.6558737     .18785    -3.49   0.001    -1.025612   -.2861353
       _cons |   2.377075   .0969699    24.51   0.000     2.186213    2.567937
-------------+----------------------------------------------------------------
     sigma_u |  .71471463
     sigma_e |  .18985942
         rho |  .93408484   (fraction of variance due to u_i)
------------------------------------------------------------------------------
F test that all u_i=0: F(47, 287) = 52.18                    Prob > F = 0.0000

. 
end of do-file

. do "/var/folders/gg/lz0sj7wn0c34cssljqqc9qpw0000gn/T//SD64760.000000"

. xtreg fr tax, fe vce(cluster state)

Fixed-effects (within) regression               Number of obs     =        336
Group variable: state                           Number of groups  =         48

R-squared:                                      Obs per group:
     Within  = 0.0407                                         min =          7
     Between = 0.1101                                         avg =        7.0
     Overall = 0.0934                                         max =          7

                                                F(1,47)           =       5.05
corr(u_i, Xb) = -0.6885                         Prob > F          =     0.0294

                                 (Std. err. adjusted for 48 clusters in state)
------------------------------------------------------------------------------
             |               Robust
          fr | Coefficient  std. err.      t    P>|t|     [95% conf. interval]
-------------+----------------------------------------------------------------
         tax |  -.6558737   .2918557    -2.25   0.029    -1.243012   -.0687359
       _cons |   2.377075   .1497967    15.87   0.000     2.075723    2.678427
-------------+----------------------------------------------------------------
     sigma_u |  .71471463
     sigma_e |  .18985942
         rho |  .93408484   (fraction of variance due to u_i)
------------------------------------------------------------------------------

. 
end of do-file

. do "/var/folders/gg/lz0sj7wn0c34cssljqqc9qpw0000gn/T//SD64760.000000"

. tab year, generate(dummy_y)

       Year |      Freq.     Percent        Cum.
------------+-----------------------------------
       1982 |         48       14.29       14.29
       1983 |         48       14.29       28.57
       1984 |         48       14.29       42.86
       1985 |         48       14.29       57.14
       1986 |         48       14.29       71.43
       1987 |         48       14.29       85.71
       1988 |         48       14.29      100.00
------------+-----------------------------------
      Total |        336      100.00

. 
end of do-file

. do "/var/folders/gg/lz0sj7wn0c34cssljqqc9qpw0000gn/T//SD64760.000000"

. xtreg fr tax dummy_y2 -dummy_y7 , fe vce(cluster state)

Fixed-effects (within) regression               Number of obs     =        336
Group variable: state                           Number of groups  =         48

R-squared:                                      Obs per group:
     Within  = 0.0803                                         min =          7
     Between = 0.1101                                         avg =        7.0
     Overall = 0.0876                                         max =          7

                                                F(7,47)           =       4.36
corr(u_i, Xb) = -0.6781                         Prob > F          =     0.0009

                                 (Std. err. adjusted for 48 clusters in state)
------------------------------------------------------------------------------
             |               Robust
          fr | Coefficient  std. err.      t    P>|t|     [95% conf. interval]
-------------+----------------------------------------------------------------
         tax |    -.63998   .3570784    -1.79   0.080    -1.358329     .078369
    dummy_y2 |  -.0799029   .0350861    -2.28   0.027    -.1504869   -.0093188
    dummy_y3 |  -.0724205   .0438809    -1.65   0.106    -.1606975    .0158564
    dummy_y4 |  -.1239763   .0460559    -2.69   0.010    -.2166288   -.0313238
    dummy_y5 |  -.0378645   .0570604    -0.66   0.510    -.1526552    .0769262
    dummy_y6 |  -.0509021   .0636084    -0.80   0.428    -.1788656    .0770615
    dummy_y7 |  -.0518038   .0644023    -0.80   0.425    -.1813645    .0777568
       _cons |    2.42847   .2016885    12.04   0.000     2.022725    2.834215
-------------+----------------------------------------------------------------
     sigma_u |  .70945969
     sigma_e |  .18788295
         rho |  .93446373   (fraction of variance due to u_i)
------------------------------------------------------------------------------

. 
end of do-file

. do "/var/folders/gg/lz0sj7wn0c34cssljqqc9qpw0000gn/T//SD64760.000000"

. xtreg fr tax i.year, fe vce(cluster state)

Fixed-effects (within) regression               Number of obs     =        336
Group variable: state                           Number of groups  =         48

R-squared:                                      Obs per group:
     Within  = 0.0803                                         min =          7
     Between = 0.1101                                         avg =        7.0
     Overall = 0.0876                                         max =          7

                                                F(7,47)           =       4.36
corr(u_i, Xb) = -0.6781                         Prob > F          =     0.0009

                                 (Std. err. adjusted for 48 clusters in state)
------------------------------------------------------------------------------
             |               Robust
          fr | Coefficient  std. err.      t    P>|t|     [95% conf. interval]
-------------+----------------------------------------------------------------
         tax |    -.63998   .3570784    -1.79   0.080    -1.358329     .078369
             |
        year |
       1983  |  -.0799029   .0350861    -2.28   0.027    -.1504869   -.0093188
       1984  |  -.0724205   .0438809    -1.65   0.106    -.1606975    .0158564
       1985  |  -.1239763   .0460559    -2.69   0.010    -.2166288   -.0313238
       1986  |  -.0378645   .0570604    -0.66   0.510    -.1526552    .0769262
       1987  |  -.0509021   .0636084    -0.80   0.428    -.1788656    .0770615
       1988  |  -.0518038   .0644023    -0.80   0.425    -.1813645    .0777568
             |
       _cons |    2.42847   .2016885    12.04   0.000     2.022725    2.834215
-------------+----------------------------------------------------------------
     sigma_u |  .70945969
     sigma_e |  .18788295
         rho |  .93446373   (fraction of variance due to u_i)
------------------------------------------------------------------------------

. 
end of do-file

